<?xml version="1.0" encoding="UTF-8"?>
<!-- Generated by org.testng.reporters.JUnitReportReporter -->
<testsuite hostname="LAPTOP-A526OSJ3" failures="0" tests="2" name="test.AdvanceReports" time="11.506" errors="0" timestamp="2023-03-28T22:33:53 IST" skipped="0">
  <testcase classname="test.AdvanceReports" name="Testcase1" time="5.735"/>
  <system-out/>
  <testcase classname="test.AdvanceReports" name="Testcase2" time="5.771"/>
  <system-out/>
</testsuite> <!-- test.AdvanceReports -->
