<?xml version="1.0" encoding="UTF-8"?>
<!-- Generated by org.testng.reporters.JUnitReportReporter -->
<testsuite hostname="LAPTOP-A526OSJ3" failures="0" tests="1" name="test.Property_File" time="1.302" errors="0" timestamp="2023-03-27T11:30:17 IST" skipped="0">
  <testcase classname="test.Property_File" name="verifyLogin" time="1.302"/>
  <system-out>
    <![CDATA[Login Success::Users « Stock Accounting   Users « Stock Accounting]]>
  </system-out>
</testsuite> <!-- test.Property_File -->
